<?xml version="1.0" encoding="UTF-8"?>
<testsuite name="TestSuite" time="28.067" tests="5" errors="0" skipped="0" failures="4">
  <properties>
[...]
</properties>
  <testcase name="loginTest" classname="com.nopcommerce.testcases.TC_LoginTest_001" time="11.042">
    <failure message="expected [true] but found [false]" type="java.lang.AssertionError">java.lang.AssertionError: expected [true] but found [false]
	at org.testng.Assert.fail(Assert.java:110)
	at org.testng.Assert.failNotEquals(Assert.java:1413)
	at org.testng.Assert.assertTrue(Assert.java:56)
	at org.testng.Assert.assertTrue(Assert.java:66)
	at com.nopcommerce.testcases.TC_LoginTest_001.loginTest(TC_LoginTest_001.java:40)
</failure>
    <system-out><![CDATA[ INFO [main] (TC_LoginTest_001.java:18)- URL is opened
 INFO [main] (TC_LoginTest_001.java:27)- Login clicked
Screenshot taken
]]></system-out>
    <system-err><![CDATA[SLF4J: Failed to load class "org.slf4j.impl.StaticLoggerBinder".
SLF4J: Defaulting to no-operation (NOP) logger implementation
SLF4J: See http://www.slf4j.org/codes.html#StaticLoggerBinder for further details.
Starting ChromeDriver 2.44.609538 (b655c5a60b0b544917107a59d4153d4bf78e1b90) on port 52532
Only local connections are allowed.
[1657027523.320][WARNING]: Timed out connecting to Chrome, retrying...
Jul 05, 2022 9:25:25 AM org.openqa.selenium.remote.ProtocolHandshake createSession
INFO: Detected upstream dialect: OSS
Jul 05, 2022 9:25:25 AM org.openqa.selenium.devtools.CdpVersionFinder findNearestMatch
INFO: Found exact CDP implementation for version 103
]]></system-err>
  </testcase>
  <testcase name="loginTest" classname="com.nopcommerce.testcases.TC_LoginDDT_002" time="17.025"/>
  <testcase name="loginTest" classname="com.nopcommerce.testcases.TC_LoginDDT_002" time="6.506">
    <failure message="expected [true] but found [false]" type="java.lang.AssertionError">java.lang.AssertionError: expected [true] but found [false]
	at org.testng.Assert.fail(Assert.java:110)
	at org.testng.Assert.failNotEquals(Assert.java:1413)
	at org.testng.Assert.assertTrue(Assert.java:56)
	at org.testng.Assert.assertTrue(Assert.java:66)
	at com.nopcommerce.testcases.TC_LoginDDT_002.loginTest(TC_LoginDDT_002.java:42)
</failure>
    <system-out><![CDATA[ INFO [main] (TC_LoginDDT_002.java:20)- URL is opened
 INFO [main] (TC_LoginDDT_002.java:29)- Login clicked
]]></system-out>
  </testcase>
  <testcase name="loginTest" classname="com.nopcommerce.testcases.TC_LoginDDT_002" time="6.618">
    <failure message="expected [true] but found [false]" type="java.lang.AssertionError">java.lang.AssertionError: expected [true] but found [false]
	at org.testng.Assert.fail(Assert.java:110)
	at org.testng.Assert.failNotEquals(Assert.java:1413)
	at org.testng.Assert.assertTrue(Assert.java:56)
	at org.testng.Assert.assertTrue(Assert.java:66)
	at com.nopcommerce.testcases.TC_LoginDDT_002.loginTest(TC_LoginDDT_002.java:42)
</failure>
    <system-out><![CDATA[ INFO [main] (TC_LoginDDT_002.java:20)- URL is opened
 INFO [main] (TC_LoginDDT_002.java:29)- Login clicked
]]></system-out>
  </testcase>
  <testcase name="loginTest" classname="com.nopcommerce.testcases.TC_LoginDDT_002" time="6.746">
    <failure message="expected [true] but found [false]" type="java.lang.AssertionError">java.lang.AssertionError: expected [true] but found [false]
	at org.testng.Assert.fail(Assert.java:110)
	at org.testng.Assert.failNotEquals(Assert.java:1413)
	at org.testng.Assert.assertTrue(Assert.java:56)
	at org.testng.Assert.assertTrue(Assert.java:66)
	at com.nopcommerce.testcases.TC_LoginDDT_002.loginTest(TC_LoginDDT_002.java:42)
</failure>
    <system-out><![CDATA[ INFO [main] (TC_LoginDDT_002.java:20)- URL is opened
 INFO [main] (TC_LoginDDT_002.java:29)- Login clicked
]]></system-out>
  </testcase>
</testsuite>